<?xml version="1.0" encoding="UTF-8"?>
<testsuite xmlns:xsi="http://www.w3.org/2001/XMLSchema-instance" xsi:noNamespaceSchemaLocation="https://maven.apache.org/surefire/maven-surefire-plugin/xsd/surefire-test-report-3.0.xsd" version="3.0" name="org.fpij.jitakyoei.business.ProfessorBOImplTest" time="0.023" tests="6" errors="0" skipped="0" failures="0">
  <properties>
    <property name="gopherProxySet" value="false"/>
    <property name="awt.toolkit" value="sun.lwawt.macosx.LWCToolkit"/>
    <property name="file.encoding.pkg" value="sun.io"/>
    <property name="java.specification.version" value="1.8"/>
    <property name="sun.cpu.isalist" value=""/>
    <property name="sun.jnu.encoding" value="UTF-8"/>
    <property name="java.class.path" value="/Users/joao.dias/GitHub/Sistema-de-Judocas/target/test-classes:/Users/joao.dias/GitHub/Sistema-de-Judocas/target/classes:/Users/joao.dias/.m2/repository/org/assertj/assertj-swing/3.17.1/assertj-swing-3.17.1.jar:/Users/joao.dias/.m2/repository/org/easytesting/fest-util/1.2.5/fest-util-1.2.5.jar:/Users/joao.dias/.m2/repository/org/junit/jupiter/junit-jupiter-params/5.9.0/junit-jupiter-params-5.9.0.jar:/Users/joao.dias/.m2/repository/org/apiguardian/apiguardian-api/1.1.2/apiguardian-api-1.1.2.jar:/Users/joao.dias/.m2/repository/org/junit/jupiter/junit-jupiter-api/5.9.1/junit-jupiter-api-5.9.1.jar:/Users/joao.dias/.m2/repository/org/opentest4j/opentest4j/1.2.0/opentest4j-1.2.0.jar:/Users/joao.dias/.m2/repository/org/junit/platform/junit-platform-commons/1.9.1/junit-platform-commons-1.9.1.jar:/Users/joao.dias/.m2/repository/org/assertj/assertj-core/3.23.1/assertj-core-3.23.1.jar:/Users/joao.dias/.m2/repository/net/bytebuddy/byte-buddy/1.12.10/byte-buddy-1.12.10.jar:/Users/joao.dias/.m2/repository/org/junit/vintage/junit-vintage-engine/5.7.0/junit-vintage-engine-5.7.0.jar:/Users/joao.dias/.m2/repository/org/junit/platform/junit-platform-engine/1.7.0/junit-platform-engine-1.7.0.jar:/Users/joao.dias/.m2/repository/junit/junit/4.13/junit-4.13.jar:/Users/joao.dias/.m2/repository/org/hamcrest/hamcrest-core/1.3/hamcrest-core-1.3.jar:/Users/joao.dias/.m2/repository/org/junit/jupiter/junit-jupiter-engine/5.7.0/junit-jupiter-engine-5.7.0.jar:/Users/joao.dias/.m2/repository/org/apache/maven/plugins/maven-compiler-plugin/3.8.1/maven-compiler-plugin-3.8.1.jar:/Users/joao.dias/.m2/repository/org/apache/maven/maven-plugin-api/3.0/maven-plugin-api-3.0.jar:/Users/joao.dias/.m2/repository/org/apache/maven/maven-model/3.0/maven-model-3.0.jar:/Users/joao.dias/.m2/repository/org/sonatype/sisu/sisu-inject-plexus/1.4.2/sisu-inject-plexus-1.4.2.jar:/Users/joao.dias/.m2/repository/org/sonatype/sisu/sisu-inject-bean/1.4.2/sisu-inject-bean-1.4.2.jar:/Users/joao.dias/.m2/repository/org/sonatype/sisu/sisu-guice/2.1.7/sisu-guice-2.1.7-noaop.jar:/Users/joao.dias/.m2/repository/org/apache/maven/maven-artifact/3.0/maven-artifact-3.0.jar:/Users/joao.dias/.m2/repository/org/apache/maven/maven-core/3.0/maven-core-3.0.jar:/Users/joao.dias/.m2/repository/org/apache/maven/maven-settings/3.0/maven-settings-3.0.jar:/Users/joao.dias/.m2/repository/org/apache/maven/maven-settings-builder/3.0/maven-settings-builder-3.0.jar:/Users/joao.dias/.m2/repository/org/apache/maven/maven-repository-metadata/3.0/maven-repository-metadata-3.0.jar:/Users/joao.dias/.m2/repository/org/apache/maven/maven-model-builder/3.0/maven-model-builder-3.0.jar:/Users/joao.dias/.m2/repository/org/apache/maven/maven-aether-provider/3.0/maven-aether-provider-3.0.jar:/Users/joao.dias/.m2/repository/org/sonatype/aether/aether-impl/1.7/aether-impl-1.7.jar:/Users/joao.dias/.m2/repository/org/sonatype/aether/aether-spi/1.7/aether-spi-1.7.jar:/Users/joao.dias/.m2/repository/org/sonatype/aether/aether-api/1.7/aether-api-1.7.jar:/Users/joao.dias/.m2/repository/org/sonatype/aether/aether-util/1.7/aether-util-1.7.jar:/Users/joao.dias/.m2/repository/org/codehaus/plexus/plexus-interpolation/1.14/plexus-interpolation-1.14.jar:/Users/joao.dias/.m2/repository/org/codehaus/plexus/plexus-classworlds/2.2.3/plexus-classworlds-2.2.3.jar:/Users/joao.dias/.m2/repository/org/codehaus/plexus/plexus-component-annotations/1.5.5/plexus-component-annotations-1.5.5.jar:/Users/joao.dias/.m2/repository/org/sonatype/plexus/plexus-sec-dispatcher/1.3/plexus-sec-dispatcher-1.3.jar:/Users/joao.dias/.m2/repository/org/sonatype/plexus/plexus-cipher/1.4/plexus-cipher-1.4.jar:/Users/joao.dias/.m2/repository/org/apache/maven/shared/maven-shared-utils/3.2.1/maven-shared-utils-3.2.1.jar:/Users/joao.dias/.m2/repository/commons-io/commons-io/2.5/commons-io-2.5.jar:/Users/joao.dias/.m2/repository/org/apache/maven/shared/maven-shared-incremental/1.1/maven-shared-incremental-1.1.jar:/Users/joao.dias/.m2/repository/org/codehaus/plexus/plexus-java/0.9.10/plexus-java-0.9.10.jar:/Users/joao.dias/.m2/repository/org/ow2/asm/asm/6.2/asm-6.2.jar:/Users/joao.dias/.m2/repository/com/thoughtworks/qdox/qdox/2.0-M8/qdox-2.0-M8.jar:/Users/joao.dias/.m2/repository/org/codehaus/plexus/plexus-compiler-api/2.8.4/plexus-compiler-api-2.8.4.jar:/Users/joao.dias/.m2/repository/org/codehaus/plexus/plexus-compiler-manager/2.8.4/plexus-compiler-manager-2.8.4.jar:/Users/joao.dias/.m2/repository/org/codehaus/plexus/plexus-compiler-javac/2.8.4/plexus-compiler-javac-2.8.4.jar:/Users/joao.dias/.m2/repository/org/codehaus/mojo/exec-maven-plugin/3.1.0/exec-maven-plugin-3.1.0.jar:/Users/joao.dias/.m2/repository/org/codehaus/plexus/plexus-utils/3.4.2/plexus-utils-3.4.2.jar:/Users/joao.dias/.m2/repository/org/apache/commons/commons-exec/1.3/commons-exec-1.3.jar:/Users/joao.dias/.m2/repository/db4o/db4o/7.4.106.13438/db4o-7.4.106.13438.jar:/Users/joao.dias/.m2/repository/com/toedter/jcalendar/1.4/jcalendar-1.4.jar:/Users/joao.dias/.m2/repository/com/jgoodies/jgoodies-forms/1.9.0/jgoodies-forms-1.9.0.jar:/Users/joao.dias/.m2/repository/com/jgoodies/jgoodies-common/1.8.1/jgoodies-common-1.8.1.jar:/Users/joao.dias/.m2/repository/com/cedarsoft/commons/swing/jgoodies/8.9.2/jgoodies-8.9.2.jar:/Users/joao.dias/.m2/repository/com/cedarsoft/dependencies-sets/annotations/8.9.2/annotations-8.9.2.jar:/Users/joao.dias/.m2/repository/com/google/code/findbugs/jsr305/3.0.2/jsr305-3.0.2.jar:/Users/joao.dias/.m2/repository/javax/inject/javax.inject/1/javax.inject-1.jar:/Users/joao.dias/.m2/repository/com/cedarsoft/annotations/8.9.2/annotations-8.9.2.jar:/Users/joao.dias/.m2/repository/com/jgoodies/jgoodies-binding/2.13.0/jgoodies-binding-2.13.0.jar:/Users/joao.dias/.m2/repository/com/jgoodies/jgoodies-validation/2.5.1/jgoodies-validation-2.5.1.jar:/Users/joao.dias/.m2/repository/net/java/dev/glazedlists/glazedlists_java16/1.10.0/glazedlists_java16-1.10.0.jar:/Users/joao.dias/.m2/repository/com/miglayout/miglayout-swing/5.2/miglayout-swing-5.2.jar:/Users/joao.dias/.m2/repository/com/miglayout/miglayout-core/5.2/miglayout-core-5.2.jar:/Users/joao.dias/.m2/repository/tablelayout/TableLayout/20050920/TableLayout-20050920.jar:/Users/joao.dias/.m2/repository/forms/forms/1.0/forms-1.0.jar:/Users/joao.dias/.m2/repository/jcalendar/jcalendar/1.3.3/jcalendar-1.3.3.jar:/Users/joao.dias/.m2/repository/PgsLookAndFeel/PgsLookAndFeel/1.0/PgsLookAndFeel-1.0.jar:/Users/joao.dias/.m2/repository/TableLayout/TableLayout/1.0/TableLayout-1.0.jar:/Users/joao.dias/.m2/repository/TableLayout-javadoc/TableLayout-javadoc/1.0/TableLayout-javadoc-1.0.jar:/Users/joao.dias/.m2/repository/TableLayout-src/TableLayout-src/1.0/TableLayout-src-1.0.jar:/Users/joao.dias/.m2/repository/genesis/backport175/1.1/backport175-1.1.jar:/Users/joao.dias/.m2/repository/genesis/genesis-annotation/3.2/genesis-annotation-3.2.jar:/Users/joao.dias/.m2/repository/genesis/genesis-client/3.2/genesis-client-3.2.jar:/Users/joao.dias/.m2/repository/genesis/genesis-client-swing/3.2/genesis-client-swing-3.2.jar:/Users/joao.dias/.m2/repository/genesis/genesis-shared-annotated/3.2/genesis-shared-annotated-3.2.jar:/Users/joao.dias/.m2/repository/genesis/commons-beanutils/1.7/commons-beanutils-1.7.jar:/Users/joao.dias/.m2/repository/genesis/commons-logging/1.1/commons-logging-1.1.jar:/Users/joao.dias/.m2/repository/genesis/reusable-components/1.0/reusable-components-1.0.jar:/Users/joao.dias/.m2/repository/org/hamcrest/hamcrest/2.2/hamcrest-2.2.jar:/Users/joao.dias/.m2/repository/org/mockito/mockito-core/2.21.0/mockito-core-2.21.0.jar:/Users/joao.dias/.m2/repository/net/bytebuddy/byte-buddy-agent/1.8.15/byte-buddy-agent-1.8.15.jar:/Users/joao.dias/.m2/repository/org/objenesis/objenesis/2.6/objenesis-2.6.jar:"/>
    <property name="java.vm.vendor" value="Amazon.com Inc."/>
    <property name="sun.arch.data.model" value="64"/>
    <property name="java.vendor.url" value="https://aws.amazon.com/corretto/"/>
    <property name="user.timezone" value=""/>
    <property name="java.vm.specification.version" value="1.8"/>
    <property name="os.name" value="Mac OS X"/>
    <property name="user.country" value="BR"/>
    <property name="sun.java.launcher" value="SUN_STANDARD"/>
    <property name="sun.boot.library.path" value="/Users/joao.dias/Library/Java/JavaVirtualMachines/corretto-1.8.0_352/Contents/Home/jre/lib"/>
    <property name="sun.java.command" value="/Users/joao.dias/GitHub/Sistema-de-Judocas/target/surefire/surefirebooter-20221122114238412_3.jar /Users/joao.dias/GitHub/Sistema-de-Judocas/target/surefire 2022-11-22T11-42-38_181-jvmRun1 surefire-20221122114238412_1tmp surefire_0-20221122114238412_2tmp"/>
    <property name="surefire.test.class.path" value="/Users/joao.dias/GitHub/Sistema-de-Judocas/target/test-classes:/Users/joao.dias/GitHub/Sistema-de-Judocas/target/classes:/Users/joao.dias/.m2/repository/org/assertj/assertj-swing/3.17.1/assertj-swing-3.17.1.jar:/Users/joao.dias/.m2/repository/org/easytesting/fest-util/1.2.5/fest-util-1.2.5.jar:/Users/joao.dias/.m2/repository/org/junit/jupiter/junit-jupiter-params/5.9.0/junit-jupiter-params-5.9.0.jar:/Users/joao.dias/.m2/repository/org/apiguardian/apiguardian-api/1.1.2/apiguardian-api-1.1.2.jar:/Users/joao.dias/.m2/repository/org/junit/jupiter/junit-jupiter-api/5.9.1/junit-jupiter-api-5.9.1.jar:/Users/joao.dias/.m2/repository/org/opentest4j/opentest4j/1.2.0/opentest4j-1.2.0.jar:/Users/joao.dias/.m2/repository/org/junit/platform/junit-platform-commons/1.9.1/junit-platform-commons-1.9.1.jar:/Users/joao.dias/.m2/repository/org/assertj/assertj-core/3.23.1/assertj-core-3.23.1.jar:/Users/joao.dias/.m2/repository/net/bytebuddy/byte-buddy/1.12.10/byte-buddy-1.12.10.jar:/Users/joao.dias/.m2/repository/org/junit/vintage/junit-vintage-engine/5.7.0/junit-vintage-engine-5.7.0.jar:/Users/joao.dias/.m2/repository/org/junit/platform/junit-platform-engine/1.7.0/junit-platform-engine-1.7.0.jar:/Users/joao.dias/.m2/repository/junit/junit/4.13/junit-4.13.jar:/Users/joao.dias/.m2/repository/org/hamcrest/hamcrest-core/1.3/hamcrest-core-1.3.jar:/Users/joao.dias/.m2/repository/org/junit/jupiter/junit-jupiter-engine/5.7.0/junit-jupiter-engine-5.7.0.jar:/Users/joao.dias/.m2/repository/org/apache/maven/plugins/maven-compiler-plugin/3.8.1/maven-compiler-plugin-3.8.1.jar:/Users/joao.dias/.m2/repository/org/apache/maven/maven-plugin-api/3.0/maven-plugin-api-3.0.jar:/Users/joao.dias/.m2/repository/org/apache/maven/maven-model/3.0/maven-model-3.0.jar:/Users/joao.dias/.m2/repository/org/sonatype/sisu/sisu-inject-plexus/1.4.2/sisu-inject-plexus-1.4.2.jar:/Users/joao.dias/.m2/repository/org/sonatype/sisu/sisu-inject-bean/1.4.2/sisu-inject-bean-1.4.2.jar:/Users/joao.dias/.m2/repository/org/sonatype/sisu/sisu-guice/2.1.7/sisu-guice-2.1.7-noaop.jar:/Users/joao.dias/.m2/repository/org/apache/maven/maven-artifact/3.0/maven-artifact-3.0.jar:/Users/joao.dias/.m2/repository/org/apache/maven/maven-core/3.0/maven-core-3.0.jar:/Users/joao.dias/.m2/repository/org/apache/maven/maven-settings/3.0/maven-settings-3.0.jar:/Users/joao.dias/.m2/repository/org/apache/maven/maven-settings-builder/3.0/maven-settings-builder-3.0.jar:/Users/joao.dias/.m2/repository/org/apache/maven/maven-repository-metadata/3.0/maven-repository-metadata-3.0.jar:/Users/joao.dias/.m2/repository/org/apache/maven/maven-model-builder/3.0/maven-model-builder-3.0.jar:/Users/joao.dias/.m2/repository/org/apache/maven/maven-aether-provider/3.0/maven-aether-provider-3.0.jar:/Users/joao.dias/.m2/repository/org/sonatype/aether/aether-impl/1.7/aether-impl-1.7.jar:/Users/joao.dias/.m2/repository/org/sonatype/aether/aether-spi/1.7/aether-spi-1.7.jar:/Users/joao.dias/.m2/repository/org/sonatype/aether/aether-api/1.7/aether-api-1.7.jar:/Users/joao.dias/.m2/repository/org/sonatype/aether/aether-util/1.7/aether-util-1.7.jar:/Users/joao.dias/.m2/repository/org/codehaus/plexus/plexus-interpolation/1.14/plexus-interpolation-1.14.jar:/Users/joao.dias/.m2/repository/org/codehaus/plexus/plexus-classworlds/2.2.3/plexus-classworlds-2.2.3.jar:/Users/joao.dias/.m2/repository/org/codehaus/plexus/plexus-component-annotations/1.5.5/plexus-component-annotations-1.5.5.jar:/Users/joao.dias/.m2/repository/org/sonatype/plexus/plexus-sec-dispatcher/1.3/plexus-sec-dispatcher-1.3.jar:/Users/joao.dias/.m2/repository/org/sonatype/plexus/plexus-cipher/1.4/plexus-cipher-1.4.jar:/Users/joao.dias/.m2/repository/org/apache/maven/shared/maven-shared-utils/3.2.1/maven-shared-utils-3.2.1.jar:/Users/joao.dias/.m2/repository/commons-io/commons-io/2.5/commons-io-2.5.jar:/Users/joao.dias/.m2/repository/org/apache/maven/shared/maven-shared-incremental/1.1/maven-shared-incremental-1.1.jar:/Users/joao.dias/.m2/repository/org/codehaus/plexus/plexus-java/0.9.10/plexus-java-0.9.10.jar:/Users/joao.dias/.m2/repository/org/ow2/asm/asm/6.2/asm-6.2.jar:/Users/joao.dias/.m2/repository/com/thoughtworks/qdox/qdox/2.0-M8/qdox-2.0-M8.jar:/Users/joao.dias/.m2/repository/org/codehaus/plexus/plexus-compiler-api/2.8.4/plexus-compiler-api-2.8.4.jar:/Users/joao.dias/.m2/repository/org/codehaus/plexus/plexus-compiler-manager/2.8.4/plexus-compiler-manager-2.8.4.jar:/Users/joao.dias/.m2/repository/org/codehaus/plexus/plexus-compiler-javac/2.8.4/plexus-compiler-javac-2.8.4.jar:/Users/joao.dias/.m2/repository/org/codehaus/mojo/exec-maven-plugin/3.1.0/exec-maven-plugin-3.1.0.jar:/Users/joao.dias/.m2/repository/org/codehaus/plexus/plexus-utils/3.4.2/plexus-utils-3.4.2.jar:/Users/joao.dias/.m2/repository/org/apache/commons/commons-exec/1.3/commons-exec-1.3.jar:/Users/joao.dias/.m2/repository/db4o/db4o/7.4.106.13438/db4o-7.4.106.13438.jar:/Users/joao.dias/.m2/repository/com/toedter/jcalendar/1.4/jcalendar-1.4.jar:/Users/joao.dias/.m2/repository/com/jgoodies/jgoodies-forms/1.9.0/jgoodies-forms-1.9.0.jar:/Users/joao.dias/.m2/repository/com/jgoodies/jgoodies-common/1.8.1/jgoodies-common-1.8.1.jar:/Users/joao.dias/.m2/repository/com/cedarsoft/commons/swing/jgoodies/8.9.2/jgoodies-8.9.2.jar:/Users/joao.dias/.m2/repository/com/cedarsoft/dependencies-sets/annotations/8.9.2/annotations-8.9.2.jar:/Users/joao.dias/.m2/repository/com/google/code/findbugs/jsr305/3.0.2/jsr305-3.0.2.jar:/Users/joao.dias/.m2/repository/javax/inject/javax.inject/1/javax.inject-1.jar:/Users/joao.dias/.m2/repository/com/cedarsoft/annotations/8.9.2/annotations-8.9.2.jar:/Users/joao.dias/.m2/repository/com/jgoodies/jgoodies-binding/2.13.0/jgoodies-binding-2.13.0.jar:/Users/joao.dias/.m2/repository/com/jgoodies/jgoodies-validation/2.5.1/jgoodies-validation-2.5.1.jar:/Users/joao.dias/.m2/repository/net/java/dev/glazedlists/glazedlists_java16/1.10.0/glazedlists_java16-1.10.0.jar:/Users/joao.dias/.m2/repository/com/miglayout/miglayout-swing/5.2/miglayout-swing-5.2.jar:/Users/joao.dias/.m2/repository/com/miglayout/miglayout-core/5.2/miglayout-core-5.2.jar:/Users/joao.dias/.m2/repository/tablelayout/TableLayout/20050920/TableLayout-20050920.jar:/Users/joao.dias/.m2/repository/forms/forms/1.0/forms-1.0.jar:/Users/joao.dias/.m2/repository/jcalendar/jcalendar/1.3.3/jcalendar-1.3.3.jar:/Users/joao.dias/.m2/repository/PgsLookAndFeel/PgsLookAndFeel/1.0/PgsLookAndFeel-1.0.jar:/Users/joao.dias/.m2/repository/TableLayout/TableLayout/1.0/TableLayout-1.0.jar:/Users/joao.dias/.m2/repository/TableLayout-javadoc/TableLayout-javadoc/1.0/TableLayout-javadoc-1.0.jar:/Users/joao.dias/.m2/repository/TableLayout-src/TableLayout-src/1.0/TableLayout-src-1.0.jar:/Users/joao.dias/.m2/repository/genesis/backport175/1.1/backport175-1.1.jar:/Users/joao.dias/.m2/repository/genesis/genesis-annotation/3.2/genesis-annotation-3.2.jar:/Users/joao.dias/.m2/repository/genesis/genesis-client/3.2/genesis-client-3.2.jar:/Users/joao.dias/.m2/repository/genesis/genesis-client-swing/3.2/genesis-client-swing-3.2.jar:/Users/joao.dias/.m2/repository/genesis/genesis-shared-annotated/3.2/genesis-shared-annotated-3.2.jar:/Users/joao.dias/.m2/repository/genesis/commons-beanutils/1.7/commons-beanutils-1.7.jar:/Users/joao.dias/.m2/repository/genesis/commons-logging/1.1/commons-logging-1.1.jar:/Users/joao.dias/.m2/repository/genesis/reusable-components/1.0/reusable-components-1.0.jar:/Users/joao.dias/.m2/repository/org/hamcrest/hamcrest/2.2/hamcrest-2.2.jar:/Users/joao.dias/.m2/repository/org/mockito/mockito-core/2.21.0/mockito-core-2.21.0.jar:/Users/joao.dias/.m2/repository/net/bytebuddy/byte-buddy-agent/1.8.15/byte-buddy-agent-1.8.15.jar:/Users/joao.dias/.m2/repository/org/objenesis/objenesis/2.6/objenesis-2.6.jar:"/>
    <property name="sun.cpu.endian" value="little"/>
    <property name="user.home" value="/Users/joao.dias"/>
    <property name="user.language" value="en"/>
    <property name="java.specification.vendor" value="Oracle Corporation"/>
    <property name="java.home" value="/Users/joao.dias/Library/Java/JavaVirtualMachines/corretto-1.8.0_352/Contents/Home/jre"/>
    <property name="basedir" value="/Users/joao.dias/GitHub/Sistema-de-Judocas"/>
    <property name="file.separator" value="/"/>
    <property name="line.separator" value="&#10;"/>
    <property name="java.vm.specification.vendor" value="Oracle Corporation"/>
    <property name="java.specification.name" value="Java Platform API Specification"/>
    <property name="java.awt.graphicsenv" value="sun.awt.CGraphicsEnvironment"/>
    <property name="surefire.real.class.path" value="/Users/joao.dias/GitHub/Sistema-de-Judocas/target/surefire/surefirebooter-20221122114238412_3.jar"/>
    <property name="sun.boot.class.path" value="/Users/joao.dias/Library/Java/JavaVirtualMachines/corretto-1.8.0_352/Contents/Home/jre/lib/resources.jar:/Users/joao.dias/Library/Java/JavaVirtualMachines/corretto-1.8.0_352/Contents/Home/jre/lib/rt.jar:/Users/joao.dias/Library/Java/JavaVirtualMachines/corretto-1.8.0_352/Contents/Home/jre/lib/sunrsasign.jar:/Users/joao.dias/Library/Java/JavaVirtualMachines/corretto-1.8.0_352/Contents/Home/jre/lib/jsse.jar:/Users/joao.dias/Library/Java/JavaVirtualMachines/corretto-1.8.0_352/Contents/Home/jre/lib/jce.jar:/Users/joao.dias/Library/Java/JavaVirtualMachines/corretto-1.8.0_352/Contents/Home/jre/lib/charsets.jar:/Users/joao.dias/Library/Java/JavaVirtualMachines/corretto-1.8.0_352/Contents/Home/jre/lib/jfr.jar:/Users/joao.dias/Library/Java/JavaVirtualMachines/corretto-1.8.0_352/Contents/Home/jre/classes"/>
    <property name="sun.management.compiler" value="HotSpot 64-Bit Tiered Compilers"/>
    <property name="java.runtime.version" value="1.8.0_352-b08"/>
    <property name="user.name" value="joao.dias"/>
    <property name="path.separator" value=":"/>
    <property name="os.version" value="12.6.1"/>
    <property name="java.endorsed.dirs" value="/Users/joao.dias/Library/Java/JavaVirtualMachines/corretto-1.8.0_352/Contents/Home/jre/lib/endorsed"/>
    <property name="java.runtime.name" value="OpenJDK Runtime Environment"/>
    <property name="file.encoding" value="UTF-8"/>
    <property name="java.vm.name" value="OpenJDK 64-Bit Server VM"/>
    <property name="localRepository" value="/Users/joao.dias/.m2/repository"/>
    <property name="java.vendor.url.bug" value="https://github.com/corretto/corretto-8/issues/"/>
    <property name="java.io.tmpdir" value="/var/folders/0n/nkv0qgj93859bd97xqfd4y080000gn/T/"/>
    <property name="idea.version" value="2022.2.1"/>
    <property name="java.version" value="1.8.0_352"/>
    <property name="user.dir" value="/Users/joao.dias/GitHub/Sistema-de-Judocas"/>
    <property name="os.arch" value="aarch64"/>
    <property name="java.vm.specification.name" value="Java Virtual Machine Specification"/>
    <property name="java.awt.printerjob" value="sun.lwawt.macosx.CPrinterJob"/>
    <property name="sun.os.patch.level" value="unknown"/>
    <property name="java.library.path" value="/Users/joao.dias/Library/Java/Extensions:/Library/Java/Extensions:/Network/Library/Java/Extensions:/System/Library/Java/Extensions:/usr/lib/java:."/>
    <property name="java.vm.info" value="mixed mode"/>
    <property name="java.vendor" value="Amazon.com Inc."/>
    <property name="java.vm.version" value="25.352-b08"/>
    <property name="java.specification.maintenance.version" value="4"/>
    <property name="java.ext.dirs" value="/Users/joao.dias/Library/Java/Extensions:/Users/joao.dias/Library/Java/JavaVirtualMachines/corretto-1.8.0_352/Contents/Home/jre/lib/ext:/Library/Java/Extensions:/Network/Library/Java/Extensions:/System/Library/Java/Extensions:/usr/lib/java"/>
    <property name="sun.io.unicode.encoding" value="UnicodeBig"/>
    <property name="java.class.version" value="52.0"/>
  </properties>
  <testcase name="checkUpdateProfessorIllegalArgumentException" classname="org.fpij.jitakyoei.business.ProfessorBOImplTest" time="0.003">
    <system-out><![CDATA[DAOImpl.save() ->false
null
]]></system-out>
  </testcase>
  <testcase name="checkUpdateProfessorException" classname="org.fpij.jitakyoei.business.ProfessorBOImplTest" time="0.002">
    <system-out><![CDATA[DAOImpl.save() ->false
null
]]></system-out>
  </testcase>
  <testcase name="checkSearchProfessorException" classname="org.fpij.jitakyoei.business.ProfessorBOImplTest" time="0.005"/>
  <testcase name="checkUpdateProfessor" classname="org.fpij.jitakyoei.business.ProfessorBOImplTest" time="0.006">
    <system-out><![CDATA[DAOImpl.save() ->false
org.fpij.jitakyoei.util.FiliadoID@193f604a
DAOImpl.save() ->false
Aécio
DAOImpl.save() ->false
Aécio
]]></system-out>
  </testcase>
  <testcase name="checkCreateProfessorException" classname="org.fpij.jitakyoei.business.ProfessorBOImplTest" time="0.001">
    <system-err><![CDATA[java.lang.NullPointerException
	at org.fpij.jitakyoei.business.ProfessorBOImpl.createProfessor(ProfessorBOImpl.java:27)
	at org.fpij.jitakyoei.business.ProfessorBOImplTest.checkCreateProfessorException(ProfessorBOImplTest.java:82)
	at sun.reflect.NativeMethodAccessorImpl.invoke0(Native Method)
	at sun.reflect.NativeMethodAccessorImpl.invoke(NativeMethodAccessorImpl.java:62)
	at sun.reflect.DelegatingMethodAccessorImpl.invoke(DelegatingMethodAccessorImpl.java:43)
	at java.lang.reflect.Method.invoke(Method.java:498)
	at org.junit.runners.model.FrameworkMethod$1.runReflectiveCall(FrameworkMethod.java:59)
	at org.junit.internal.runners.model.ReflectiveCallable.run(ReflectiveCallable.java:12)
	at org.junit.runners.model.FrameworkMethod.invokeExplosively(FrameworkMethod.java:56)
	at org.junit.internal.runners.statements.InvokeMethod.evaluate(InvokeMethod.java:17)
	at org.junit.runners.ParentRunner$3.evaluate(ParentRunner.java:306)
	at org.junit.runners.BlockJUnit4ClassRunner$1.evaluate(BlockJUnit4ClassRunner.java:100)
	at org.junit.runners.ParentRunner.runLeaf(ParentRunner.java:366)
	at org.junit.runners.BlockJUnit4ClassRunner.runChild(BlockJUnit4ClassRunner.java:103)
	at org.junit.runners.BlockJUnit4ClassRunner.runChild(BlockJUnit4ClassRunner.java:63)
	at org.junit.runners.ParentRunner$4.run(ParentRunner.java:331)
	at org.junit.runners.ParentRunner$1.schedule(ParentRunner.java:79)
	at org.junit.runners.ParentRunner.runChildren(ParentRunner.java:329)
	at org.junit.runners.ParentRunner.access$100(ParentRunner.java:66)
	at org.junit.runners.ParentRunner$2.evaluate(ParentRunner.java:293)
	at org.junit.internal.runners.statements.RunBefores.evaluate(RunBefores.java:26)
	at org.junit.runners.ParentRunner$3.evaluate(ParentRunner.java:306)
	at org.junit.runners.ParentRunner.run(ParentRunner.java:413)
	at org.junit.runner.JUnitCore.run(JUnitCore.java:137)
	at org.junit.runner.JUnitCore.run(JUnitCore.java:115)
	at org.junit.vintage.engine.execution.RunnerExecutor.execute(RunnerExecutor.java:43)
	at java.util.stream.ForEachOps$ForEachOp$OfRef.accept(ForEachOps.java:183)
	at java.util.stream.ReferencePipeline$3$1.accept(ReferencePipeline.java:193)
	at java.util.Iterator.forEachRemaining(Iterator.java:116)
	at java.util.Spliterators$IteratorSpliterator.forEachRemaining(Spliterators.java:1801)
	at java.util.stream.AbstractPipeline.copyInto(AbstractPipeline.java:482)
	at java.util.stream.AbstractPipeline.wrapAndCopyInto(AbstractPipeline.java:472)
	at java.util.stream.ForEachOps$ForEachOp.evaluateSequential(ForEachOps.java:150)
	at java.util.stream.ForEachOps$ForEachOp$OfRef.evaluateSequential(ForEachOps.java:173)
	at java.util.stream.AbstractPipeline.evaluate(AbstractPipeline.java:234)
	at java.util.stream.ReferencePipeline.forEach(ReferencePipeline.java:485)
	at org.junit.vintage.engine.VintageTestEngine.executeAllChildren(VintageTestEngine.java:82)
	at org.junit.vintage.engine.VintageTestEngine.execute(VintageTestEngine.java:73)
	at org.junit.platform.launcher.core.EngineExecutionOrchestrator.execute(EngineExecutionOrchestrator.java:147)
	at org.junit.platform.launcher.core.EngineExecutionOrchestrator.execute(EngineExecutionOrchestrator.java:127)
	at org.junit.platform.launcher.core.EngineExecutionOrchestrator.execute(EngineExecutionOrchestrator.java:90)
	at org.junit.platform.launcher.core.EngineExecutionOrchestrator.lambda$execute$0(EngineExecutionOrchestrator.java:55)
	at org.junit.platform.launcher.core.EngineExecutionOrchestrator.withInterceptedStreams(EngineExecutionOrchestrator.java:102)
	at org.junit.platform.launcher.core.EngineExecutionOrchestrator.execute(EngineExecutionOrchestrator.java:54)
	at org.junit.platform.launcher.core.DefaultLauncher.execute(DefaultLauncher.java:114)
	at org.junit.platform.launcher.core.DefaultLauncher.execute(DefaultLauncher.java:86)
	at org.junit.platform.launcher.core.DefaultLauncherSession$DelegatingLauncher.execute(DefaultLauncherSession.java:86)
	at org.apache.maven.surefire.junitplatform.LazyLauncher.execute(LazyLauncher.java:55)
	at org.apache.maven.surefire.junitplatform.JUnitPlatformProvider.execute(JUnitPlatformProvider.java:223)
	at org.apache.maven.surefire.junitplatform.JUnitPlatformProvider.invokeAllTests(JUnitPlatformProvider.java:175)
	at org.apache.maven.surefire.junitplatform.JUnitPlatformProvider.invoke(JUnitPlatformProvider.java:139)
	at org.apache.maven.surefire.booter.ForkedBooter.runSuitesInProcess(ForkedBooter.java:456)
	at org.apache.maven.surefire.booter.ForkedBooter.execute(ForkedBooter.java:169)
	at org.apache.maven.surefire.booter.ForkedBooter.run(ForkedBooter.java:595)
	at org.apache.maven.surefire.booter.ForkedBooter.main(ForkedBooter.java:581)
]]></system-err>
  </testcase>
  <testcase name="checkCreateProfessor" classname="org.fpij.jitakyoei.business.ProfessorBOImplTest" time="0.005">
    <system-out><![CDATA[DAOImpl.save() ->false
org.fpij.jitakyoei.util.FiliadoID@193f604a
DAOImpl.save() ->false
Aécio
]]></system-out>
  </testcase>
</testsuite>