<?xml version="1.0" encoding="UTF-8"?>
<testsuite xmlns:xsi="http://www.w3.org/2001/XMLSchema-instance" xsi:noNamespaceSchemaLocation="https://maven.apache.org/surefire/maven-surefire-plugin/xsd/surefire-test-report-3.0.xsd" version="3.0" name="org.fpij.jitakyoei.model.dao.DaoImplTest" time="0.034" tests="9" errors="0" skipped="0" failures="0">
  <properties>
    <property name="gopherProxySet" value="false"/>
    <property name="awt.toolkit" value="sun.lwawt.macosx.LWCToolkit"/>
    <property name="file.encoding.pkg" value="sun.io"/>
    <property name="java.specification.version" value="1.8"/>
    <property name="sun.cpu.isalist" value=""/>
    <property name="sun.jnu.encoding" value="UTF-8"/>
    <property name="java.class.path" value="/Users/joao.dias/GitHub/Sistema-de-Judocas/target/test-classes:/Users/joao.dias/GitHub/Sistema-de-Judocas/target/classes:/Users/joao.dias/.m2/repository/org/assertj/assertj-swing/3.17.1/assertj-swing-3.17.1.jar:/Users/joao.dias/.m2/repository/org/easytesting/fest-util/1.2.5/fest-util-1.2.5.jar:/Users/joao.dias/.m2/repository/org/junit/jupiter/junit-jupiter-params/5.9.0/junit-jupiter-params-5.9.0.jar:/Users/joao.dias/.m2/repository/org/apiguardian/apiguardian-api/1.1.2/apiguardian-api-1.1.2.jar:/Users/joao.dias/.m2/repository/org/junit/jupiter/junit-jupiter-api/5.9.1/junit-jupiter-api-5.9.1.jar:/Users/joao.dias/.m2/repository/org/opentest4j/opentest4j/1.2.0/opentest4j-1.2.0.jar:/Users/joao.dias/.m2/repository/org/junit/platform/junit-platform-commons/1.9.1/junit-platform-commons-1.9.1.jar:/Users/joao.dias/.m2/repository/org/assertj/assertj-core/3.23.1/assertj-core-3.23.1.jar:/Users/joao.dias/.m2/repository/net/bytebuddy/byte-buddy/1.12.10/byte-buddy-1.12.10.jar:/Users/joao.dias/.m2/repository/org/junit/vintage/junit-vintage-engine/5.7.0/junit-vintage-engine-5.7.0.jar:/Users/joao.dias/.m2/repository/org/junit/platform/junit-platform-engine/1.7.0/junit-platform-engine-1.7.0.jar:/Users/joao.dias/.m2/repository/junit/junit/4.13/junit-4.13.jar:/Users/joao.dias/.m2/repository/org/hamcrest/hamcrest-core/1.3/hamcrest-core-1.3.jar:/Users/joao.dias/.m2/repository/org/junit/jupiter/junit-jupiter-engine/5.7.0/junit-jupiter-engine-5.7.0.jar:/Users/joao.dias/.m2/repository/org/apache/maven/plugins/maven-compiler-plugin/3.8.1/maven-compiler-plugin-3.8.1.jar:/Users/joao.dias/.m2/repository/org/apache/maven/maven-plugin-api/3.0/maven-plugin-api-3.0.jar:/Users/joao.dias/.m2/repository/org/apache/maven/maven-model/3.0/maven-model-3.0.jar:/Users/joao.dias/.m2/repository/org/sonatype/sisu/sisu-inject-plexus/1.4.2/sisu-inject-plexus-1.4.2.jar:/Users/joao.dias/.m2/repository/org/sonatype/sisu/sisu-inject-bean/1.4.2/sisu-inject-bean-1.4.2.jar:/Users/joao.dias/.m2/repository/org/sonatype/sisu/sisu-guice/2.1.7/sisu-guice-2.1.7-noaop.jar:/Users/joao.dias/.m2/repository/org/apache/maven/maven-artifact/3.0/maven-artifact-3.0.jar:/Users/joao.dias/.m2/repository/org/apache/maven/maven-core/3.0/maven-core-3.0.jar:/Users/joao.dias/.m2/repository/org/apache/maven/maven-settings/3.0/maven-settings-3.0.jar:/Users/joao.dias/.m2/repository/org/apache/maven/maven-settings-builder/3.0/maven-settings-builder-3.0.jar:/Users/joao.dias/.m2/repository/org/apache/maven/maven-repository-metadata/3.0/maven-repository-metadata-3.0.jar:/Users/joao.dias/.m2/repository/org/apache/maven/maven-model-builder/3.0/maven-model-builder-3.0.jar:/Users/joao.dias/.m2/repository/org/apache/maven/maven-aether-provider/3.0/maven-aether-provider-3.0.jar:/Users/joao.dias/.m2/repository/org/sonatype/aether/aether-impl/1.7/aether-impl-1.7.jar:/Users/joao.dias/.m2/repository/org/sonatype/aether/aether-spi/1.7/aether-spi-1.7.jar:/Users/joao.dias/.m2/repository/org/sonatype/aether/aether-api/1.7/aether-api-1.7.jar:/Users/joao.dias/.m2/repository/org/sonatype/aether/aether-util/1.7/aether-util-1.7.jar:/Users/joao.dias/.m2/repository/org/codehaus/plexus/plexus-interpolation/1.14/plexus-interpolation-1.14.jar:/Users/joao.dias/.m2/repository/org/codehaus/plexus/plexus-classworlds/2.2.3/plexus-classworlds-2.2.3.jar:/Users/joao.dias/.m2/repository/org/codehaus/plexus/plexus-component-annotations/1.5.5/plexus-component-annotations-1.5.5.jar:/Users/joao.dias/.m2/repository/org/sonatype/plexus/plexus-sec-dispatcher/1.3/plexus-sec-dispatcher-1.3.jar:/Users/joao.dias/.m2/repository/org/sonatype/plexus/plexus-cipher/1.4/plexus-cipher-1.4.jar:/Users/joao.dias/.m2/repository/org/apache/maven/shared/maven-shared-utils/3.2.1/maven-shared-utils-3.2.1.jar:/Users/joao.dias/.m2/repository/commons-io/commons-io/2.5/commons-io-2.5.jar:/Users/joao.dias/.m2/repository/org/apache/maven/shared/maven-shared-incremental/1.1/maven-shared-incremental-1.1.jar:/Users/joao.dias/.m2/repository/org/codehaus/plexus/plexus-java/0.9.10/plexus-java-0.9.10.jar:/Users/joao.dias/.m2/repository/org/ow2/asm/asm/6.2/asm-6.2.jar:/Users/joao.dias/.m2/repository/com/thoughtworks/qdox/qdox/2.0-M8/qdox-2.0-M8.jar:/Users/joao.dias/.m2/repository/org/codehaus/plexus/plexus-compiler-api/2.8.4/plexus-compiler-api-2.8.4.jar:/Users/joao.dias/.m2/repository/org/codehaus/plexus/plexus-compiler-manager/2.8.4/plexus-compiler-manager-2.8.4.jar:/Users/joao.dias/.m2/repository/org/codehaus/plexus/plexus-compiler-javac/2.8.4/plexus-compiler-javac-2.8.4.jar:/Users/joao.dias/.m2/repository/org/codehaus/mojo/exec-maven-plugin/3.1.0/exec-maven-plugin-3.1.0.jar:/Users/joao.dias/.m2/repository/org/codehaus/plexus/plexus-utils/3.4.2/plexus-utils-3.4.2.jar:/Users/joao.dias/.m2/repository/org/apache/commons/commons-exec/1.3/commons-exec-1.3.jar:/Users/joao.dias/.m2/repository/db4o/db4o/7.4.106.13438/db4o-7.4.106.13438.jar:/Users/joao.dias/.m2/repository/com/toedter/jcalendar/1.4/jcalendar-1.4.jar:/Users/joao.dias/.m2/repository/com/jgoodies/jgoodies-forms/1.9.0/jgoodies-forms-1.9.0.jar:/Users/joao.dias/.m2/repository/com/jgoodies/jgoodies-common/1.8.1/jgoodies-common-1.8.1.jar:/Users/joao.dias/.m2/repository/com/cedarsoft/commons/swing/jgoodies/8.9.2/jgoodies-8.9.2.jar:/Users/joao.dias/.m2/repository/com/cedarsoft/dependencies-sets/annotations/8.9.2/annotations-8.9.2.jar:/Users/joao.dias/.m2/repository/com/google/code/findbugs/jsr305/3.0.2/jsr305-3.0.2.jar:/Users/joao.dias/.m2/repository/javax/inject/javax.inject/1/javax.inject-1.jar:/Users/joao.dias/.m2/repository/com/cedarsoft/annotations/8.9.2/annotations-8.9.2.jar:/Users/joao.dias/.m2/repository/com/jgoodies/jgoodies-binding/2.13.0/jgoodies-binding-2.13.0.jar:/Users/joao.dias/.m2/repository/com/jgoodies/jgoodies-validation/2.5.1/jgoodies-validation-2.5.1.jar:/Users/joao.dias/.m2/repository/net/java/dev/glazedlists/glazedlists_java16/1.10.0/glazedlists_java16-1.10.0.jar:/Users/joao.dias/.m2/repository/com/miglayout/miglayout-swing/5.2/miglayout-swing-5.2.jar:/Users/joao.dias/.m2/repository/com/miglayout/miglayout-core/5.2/miglayout-core-5.2.jar:/Users/joao.dias/.m2/repository/tablelayout/TableLayout/20050920/TableLayout-20050920.jar:/Users/joao.dias/.m2/repository/forms/forms/1.0/forms-1.0.jar:/Users/joao.dias/.m2/repository/jcalendar/jcalendar/1.3.3/jcalendar-1.3.3.jar:/Users/joao.dias/.m2/repository/PgsLookAndFeel/PgsLookAndFeel/1.0/PgsLookAndFeel-1.0.jar:/Users/joao.dias/.m2/repository/TableLayout/TableLayout/1.0/TableLayout-1.0.jar:/Users/joao.dias/.m2/repository/TableLayout-javadoc/TableLayout-javadoc/1.0/TableLayout-javadoc-1.0.jar:/Users/joao.dias/.m2/repository/TableLayout-src/TableLayout-src/1.0/TableLayout-src-1.0.jar:/Users/joao.dias/.m2/repository/genesis/backport175/1.1/backport175-1.1.jar:/Users/joao.dias/.m2/repository/genesis/genesis-annotation/3.2/genesis-annotation-3.2.jar:/Users/joao.dias/.m2/repository/genesis/genesis-client/3.2/genesis-client-3.2.jar:/Users/joao.dias/.m2/repository/genesis/genesis-client-swing/3.2/genesis-client-swing-3.2.jar:/Users/joao.dias/.m2/repository/genesis/genesis-shared-annotated/3.2/genesis-shared-annotated-3.2.jar:/Users/joao.dias/.m2/repository/genesis/commons-beanutils/1.7/commons-beanutils-1.7.jar:/Users/joao.dias/.m2/repository/genesis/commons-logging/1.1/commons-logging-1.1.jar:/Users/joao.dias/.m2/repository/genesis/reusable-components/1.0/reusable-components-1.0.jar:/Users/joao.dias/.m2/repository/org/hamcrest/hamcrest/2.2/hamcrest-2.2.jar:/Users/joao.dias/.m2/repository/org/mockito/mockito-core/2.21.0/mockito-core-2.21.0.jar:/Users/joao.dias/.m2/repository/net/bytebuddy/byte-buddy-agent/1.8.15/byte-buddy-agent-1.8.15.jar:/Users/joao.dias/.m2/repository/org/objenesis/objenesis/2.6/objenesis-2.6.jar:"/>
    <property name="java.vm.vendor" value="Amazon.com Inc."/>
    <property name="sun.arch.data.model" value="64"/>
    <property name="java.vendor.url" value="https://aws.amazon.com/corretto/"/>
    <property name="user.timezone" value="America/Sao_Paulo"/>
    <property name="java.vm.specification.version" value="1.8"/>
    <property name="os.name" value="Mac OS X"/>
    <property name="user.country" value="BR"/>
    <property name="sun.java.launcher" value="SUN_STANDARD"/>
    <property name="sun.boot.library.path" value="/Users/joao.dias/Library/Java/JavaVirtualMachines/corretto-1.8.0_352/Contents/Home/jre/lib"/>
    <property name="sun.java.command" value="/Users/joao.dias/GitHub/Sistema-de-Judocas/target/surefire/surefirebooter-20221122114238412_3.jar /Users/joao.dias/GitHub/Sistema-de-Judocas/target/surefire 2022-11-22T11-42-38_181-jvmRun1 surefire-20221122114238412_1tmp surefire_0-20221122114238412_2tmp"/>
    <property name="surefire.test.class.path" value="/Users/joao.dias/GitHub/Sistema-de-Judocas/target/test-classes:/Users/joao.dias/GitHub/Sistema-de-Judocas/target/classes:/Users/joao.dias/.m2/repository/org/assertj/assertj-swing/3.17.1/assertj-swing-3.17.1.jar:/Users/joao.dias/.m2/repository/org/easytesting/fest-util/1.2.5/fest-util-1.2.5.jar:/Users/joao.dias/.m2/repository/org/junit/jupiter/junit-jupiter-params/5.9.0/junit-jupiter-params-5.9.0.jar:/Users/joao.dias/.m2/repository/org/apiguardian/apiguardian-api/1.1.2/apiguardian-api-1.1.2.jar:/Users/joao.dias/.m2/repository/org/junit/jupiter/junit-jupiter-api/5.9.1/junit-jupiter-api-5.9.1.jar:/Users/joao.dias/.m2/repository/org/opentest4j/opentest4j/1.2.0/opentest4j-1.2.0.jar:/Users/joao.dias/.m2/repository/org/junit/platform/junit-platform-commons/1.9.1/junit-platform-commons-1.9.1.jar:/Users/joao.dias/.m2/repository/org/assertj/assertj-core/3.23.1/assertj-core-3.23.1.jar:/Users/joao.dias/.m2/repository/net/bytebuddy/byte-buddy/1.12.10/byte-buddy-1.12.10.jar:/Users/joao.dias/.m2/repository/org/junit/vintage/junit-vintage-engine/5.7.0/junit-vintage-engine-5.7.0.jar:/Users/joao.dias/.m2/repository/org/junit/platform/junit-platform-engine/1.7.0/junit-platform-engine-1.7.0.jar:/Users/joao.dias/.m2/repository/junit/junit/4.13/junit-4.13.jar:/Users/joao.dias/.m2/repository/org/hamcrest/hamcrest-core/1.3/hamcrest-core-1.3.jar:/Users/joao.dias/.m2/repository/org/junit/jupiter/junit-jupiter-engine/5.7.0/junit-jupiter-engine-5.7.0.jar:/Users/joao.dias/.m2/repository/org/apache/maven/plugins/maven-compiler-plugin/3.8.1/maven-compiler-plugin-3.8.1.jar:/Users/joao.dias/.m2/repository/org/apache/maven/maven-plugin-api/3.0/maven-plugin-api-3.0.jar:/Users/joao.dias/.m2/repository/org/apache/maven/maven-model/3.0/maven-model-3.0.jar:/Users/joao.dias/.m2/repository/org/sonatype/sisu/sisu-inject-plexus/1.4.2/sisu-inject-plexus-1.4.2.jar:/Users/joao.dias/.m2/repository/org/sonatype/sisu/sisu-inject-bean/1.4.2/sisu-inject-bean-1.4.2.jar:/Users/joao.dias/.m2/repository/org/sonatype/sisu/sisu-guice/2.1.7/sisu-guice-2.1.7-noaop.jar:/Users/joao.dias/.m2/repository/org/apache/maven/maven-artifact/3.0/maven-artifact-3.0.jar:/Users/joao.dias/.m2/repository/org/apache/maven/maven-core/3.0/maven-core-3.0.jar:/Users/joao.dias/.m2/repository/org/apache/maven/maven-settings/3.0/maven-settings-3.0.jar:/Users/joao.dias/.m2/repository/org/apache/maven/maven-settings-builder/3.0/maven-settings-builder-3.0.jar:/Users/joao.dias/.m2/repository/org/apache/maven/maven-repository-metadata/3.0/maven-repository-metadata-3.0.jar:/Users/joao.dias/.m2/repository/org/apache/maven/maven-model-builder/3.0/maven-model-builder-3.0.jar:/Users/joao.dias/.m2/repository/org/apache/maven/maven-aether-provider/3.0/maven-aether-provider-3.0.jar:/Users/joao.dias/.m2/repository/org/sonatype/aether/aether-impl/1.7/aether-impl-1.7.jar:/Users/joao.dias/.m2/repository/org/sonatype/aether/aether-spi/1.7/aether-spi-1.7.jar:/Users/joao.dias/.m2/repository/org/sonatype/aether/aether-api/1.7/aether-api-1.7.jar:/Users/joao.dias/.m2/repository/org/sonatype/aether/aether-util/1.7/aether-util-1.7.jar:/Users/joao.dias/.m2/repository/org/codehaus/plexus/plexus-interpolation/1.14/plexus-interpolation-1.14.jar:/Users/joao.dias/.m2/repository/org/codehaus/plexus/plexus-classworlds/2.2.3/plexus-classworlds-2.2.3.jar:/Users/joao.dias/.m2/repository/org/codehaus/plexus/plexus-component-annotations/1.5.5/plexus-component-annotations-1.5.5.jar:/Users/joao.dias/.m2/repository/org/sonatype/plexus/plexus-sec-dispatcher/1.3/plexus-sec-dispatcher-1.3.jar:/Users/joao.dias/.m2/repository/org/sonatype/plexus/plexus-cipher/1.4/plexus-cipher-1.4.jar:/Users/joao.dias/.m2/repository/org/apache/maven/shared/maven-shared-utils/3.2.1/maven-shared-utils-3.2.1.jar:/Users/joao.dias/.m2/repository/commons-io/commons-io/2.5/commons-io-2.5.jar:/Users/joao.dias/.m2/repository/org/apache/maven/shared/maven-shared-incremental/1.1/maven-shared-incremental-1.1.jar:/Users/joao.dias/.m2/repository/org/codehaus/plexus/plexus-java/0.9.10/plexus-java-0.9.10.jar:/Users/joao.dias/.m2/repository/org/ow2/asm/asm/6.2/asm-6.2.jar:/Users/joao.dias/.m2/repository/com/thoughtworks/qdox/qdox/2.0-M8/qdox-2.0-M8.jar:/Users/joao.dias/.m2/repository/org/codehaus/plexus/plexus-compiler-api/2.8.4/plexus-compiler-api-2.8.4.jar:/Users/joao.dias/.m2/repository/org/codehaus/plexus/plexus-compiler-manager/2.8.4/plexus-compiler-manager-2.8.4.jar:/Users/joao.dias/.m2/repository/org/codehaus/plexus/plexus-compiler-javac/2.8.4/plexus-compiler-javac-2.8.4.jar:/Users/joao.dias/.m2/repository/org/codehaus/mojo/exec-maven-plugin/3.1.0/exec-maven-plugin-3.1.0.jar:/Users/joao.dias/.m2/repository/org/codehaus/plexus/plexus-utils/3.4.2/plexus-utils-3.4.2.jar:/Users/joao.dias/.m2/repository/org/apache/commons/commons-exec/1.3/commons-exec-1.3.jar:/Users/joao.dias/.m2/repository/db4o/db4o/7.4.106.13438/db4o-7.4.106.13438.jar:/Users/joao.dias/.m2/repository/com/toedter/jcalendar/1.4/jcalendar-1.4.jar:/Users/joao.dias/.m2/repository/com/jgoodies/jgoodies-forms/1.9.0/jgoodies-forms-1.9.0.jar:/Users/joao.dias/.m2/repository/com/jgoodies/jgoodies-common/1.8.1/jgoodies-common-1.8.1.jar:/Users/joao.dias/.m2/repository/com/cedarsoft/commons/swing/jgoodies/8.9.2/jgoodies-8.9.2.jar:/Users/joao.dias/.m2/repository/com/cedarsoft/dependencies-sets/annotations/8.9.2/annotations-8.9.2.jar:/Users/joao.dias/.m2/repository/com/google/code/findbugs/jsr305/3.0.2/jsr305-3.0.2.jar:/Users/joao.dias/.m2/repository/javax/inject/javax.inject/1/javax.inject-1.jar:/Users/joao.dias/.m2/repository/com/cedarsoft/annotations/8.9.2/annotations-8.9.2.jar:/Users/joao.dias/.m2/repository/com/jgoodies/jgoodies-binding/2.13.0/jgoodies-binding-2.13.0.jar:/Users/joao.dias/.m2/repository/com/jgoodies/jgoodies-validation/2.5.1/jgoodies-validation-2.5.1.jar:/Users/joao.dias/.m2/repository/net/java/dev/glazedlists/glazedlists_java16/1.10.0/glazedlists_java16-1.10.0.jar:/Users/joao.dias/.m2/repository/com/miglayout/miglayout-swing/5.2/miglayout-swing-5.2.jar:/Users/joao.dias/.m2/repository/com/miglayout/miglayout-core/5.2/miglayout-core-5.2.jar:/Users/joao.dias/.m2/repository/tablelayout/TableLayout/20050920/TableLayout-20050920.jar:/Users/joao.dias/.m2/repository/forms/forms/1.0/forms-1.0.jar:/Users/joao.dias/.m2/repository/jcalendar/jcalendar/1.3.3/jcalendar-1.3.3.jar:/Users/joao.dias/.m2/repository/PgsLookAndFeel/PgsLookAndFeel/1.0/PgsLookAndFeel-1.0.jar:/Users/joao.dias/.m2/repository/TableLayout/TableLayout/1.0/TableLayout-1.0.jar:/Users/joao.dias/.m2/repository/TableLayout-javadoc/TableLayout-javadoc/1.0/TableLayout-javadoc-1.0.jar:/Users/joao.dias/.m2/repository/TableLayout-src/TableLayout-src/1.0/TableLayout-src-1.0.jar:/Users/joao.dias/.m2/repository/genesis/backport175/1.1/backport175-1.1.jar:/Users/joao.dias/.m2/repository/genesis/genesis-annotation/3.2/genesis-annotation-3.2.jar:/Users/joao.dias/.m2/repository/genesis/genesis-client/3.2/genesis-client-3.2.jar:/Users/joao.dias/.m2/repository/genesis/genesis-client-swing/3.2/genesis-client-swing-3.2.jar:/Users/joao.dias/.m2/repository/genesis/genesis-shared-annotated/3.2/genesis-shared-annotated-3.2.jar:/Users/joao.dias/.m2/repository/genesis/commons-beanutils/1.7/commons-beanutils-1.7.jar:/Users/joao.dias/.m2/repository/genesis/commons-logging/1.1/commons-logging-1.1.jar:/Users/joao.dias/.m2/repository/genesis/reusable-components/1.0/reusable-components-1.0.jar:/Users/joao.dias/.m2/repository/org/hamcrest/hamcrest/2.2/hamcrest-2.2.jar:/Users/joao.dias/.m2/repository/org/mockito/mockito-core/2.21.0/mockito-core-2.21.0.jar:/Users/joao.dias/.m2/repository/net/bytebuddy/byte-buddy-agent/1.8.15/byte-buddy-agent-1.8.15.jar:/Users/joao.dias/.m2/repository/org/objenesis/objenesis/2.6/objenesis-2.6.jar:"/>
    <property name="sun.cpu.endian" value="little"/>
    <property name="user.home" value="/Users/joao.dias"/>
    <property name="user.language" value="en"/>
    <property name="java.specification.vendor" value="Oracle Corporation"/>
    <property name="java.home" value="/Users/joao.dias/Library/Java/JavaVirtualMachines/corretto-1.8.0_352/Contents/Home/jre"/>
    <property name="basedir" value="/Users/joao.dias/GitHub/Sistema-de-Judocas"/>
    <property name="file.separator" value="/"/>
    <property name="line.separator" value="&#10;"/>
    <property name="java.vm.specification.vendor" value="Oracle Corporation"/>
    <property name="java.specification.name" value="Java Platform API Specification"/>
    <property name="java.awt.graphicsenv" value="sun.awt.CGraphicsEnvironment"/>
    <property name="surefire.real.class.path" value="/Users/joao.dias/GitHub/Sistema-de-Judocas/target/surefire/surefirebooter-20221122114238412_3.jar"/>
    <property name="sun.boot.class.path" value="/Users/joao.dias/Library/Java/JavaVirtualMachines/corretto-1.8.0_352/Contents/Home/jre/lib/resources.jar:/Users/joao.dias/Library/Java/JavaVirtualMachines/corretto-1.8.0_352/Contents/Home/jre/lib/rt.jar:/Users/joao.dias/Library/Java/JavaVirtualMachines/corretto-1.8.0_352/Contents/Home/jre/lib/sunrsasign.jar:/Users/joao.dias/Library/Java/JavaVirtualMachines/corretto-1.8.0_352/Contents/Home/jre/lib/jsse.jar:/Users/joao.dias/Library/Java/JavaVirtualMachines/corretto-1.8.0_352/Contents/Home/jre/lib/jce.jar:/Users/joao.dias/Library/Java/JavaVirtualMachines/corretto-1.8.0_352/Contents/Home/jre/lib/charsets.jar:/Users/joao.dias/Library/Java/JavaVirtualMachines/corretto-1.8.0_352/Contents/Home/jre/lib/jfr.jar:/Users/joao.dias/Library/Java/JavaVirtualMachines/corretto-1.8.0_352/Contents/Home/jre/classes"/>
    <property name="sun.management.compiler" value="HotSpot 64-Bit Tiered Compilers"/>
    <property name="java.runtime.version" value="1.8.0_352-b08"/>
    <property name="user.name" value="joao.dias"/>
    <property name="path.separator" value=":"/>
    <property name="os.version" value="12.6.1"/>
    <property name="java.endorsed.dirs" value="/Users/joao.dias/Library/Java/JavaVirtualMachines/corretto-1.8.0_352/Contents/Home/jre/lib/endorsed"/>
    <property name="java.runtime.name" value="OpenJDK Runtime Environment"/>
    <property name="file.encoding" value="UTF-8"/>
    <property name="java.vm.name" value="OpenJDK 64-Bit Server VM"/>
    <property name="localRepository" value="/Users/joao.dias/.m2/repository"/>
    <property name="java.vendor.url.bug" value="https://github.com/corretto/corretto-8/issues/"/>
    <property name="java.io.tmpdir" value="/var/folders/0n/nkv0qgj93859bd97xqfd4y080000gn/T/"/>
    <property name="idea.version" value="2022.2.1"/>
    <property name="java.version" value="1.8.0_352"/>
    <property name="user.dir" value="/Users/joao.dias/GitHub/Sistema-de-Judocas"/>
    <property name="os.arch" value="aarch64"/>
    <property name="java.vm.specification.name" value="Java Virtual Machine Specification"/>
    <property name="java.awt.printerjob" value="sun.lwawt.macosx.CPrinterJob"/>
    <property name="sun.os.patch.level" value="unknown"/>
    <property name="java.library.path" value="/Users/joao.dias/Library/Java/Extensions:/Library/Java/Extensions:/Network/Library/Java/Extensions:/System/Library/Java/Extensions:/usr/lib/java:."/>
    <property name="java.vm.info" value="mixed mode"/>
    <property name="java.vendor" value="Amazon.com Inc."/>
    <property name="java.vm.version" value="25.352-b08"/>
    <property name="java.specification.maintenance.version" value="4"/>
    <property name="java.ext.dirs" value="/Users/joao.dias/Library/Java/Extensions:/Users/joao.dias/Library/Java/JavaVirtualMachines/corretto-1.8.0_352/Contents/Home/jre/lib/ext:/Library/Java/Extensions:/Network/Library/Java/Extensions:/System/Library/Java/Extensions:/usr/lib/java"/>
    <property name="sun.io.unicode.encoding" value="UnicodeBig"/>
    <property name="java.class.version" value="52.0"/>
  </properties>
  <testcase name="testGetAlunosWithUseEqualsAndEmpty" classname="org.fpij.jitakyoei.model.dao.DaoImplTest" time="0.002"/>
  <testcase name="testSearchAluno" classname="org.fpij.jitakyoei.model.dao.DaoImplTest" time="0.008">
    <system-out><![CDATA[DAOImpl.save() ->false
Nome: Aécio
RegistroCbj: null
DataNasc: Tue Nov 22 11:42:38 BRT 2022
E-mail: null
CPF: 036.464.453-27
]]></system-out>
  </testcase>
  <testcase name="testSalvarAlunoComAssociassoes" classname="org.fpij.jitakyoei.model.dao.DaoImplTest" time="0.001">
    <system-out><![CDATA[DAOImpl.save() ->false
Nome: Aécio
RegistroCbj: null
DataNasc: Tue Nov 22 11:42:38 BRT 2022
E-mail: null
CPF: 036.464.453-27
]]></system-out>
  </testcase>
  <testcase name="updateAluno" classname="org.fpij.jitakyoei.model.dao.DaoImplTest" time="0.002">
    <system-out><![CDATA[DAOImpl.save() ->false
Nome: Aécio
RegistroCbj: null
DataNasc: Tue Nov 22 11:42:38 BRT 2022
E-mail: null
CPF: 036.464.453-27
DAOImpl.save() ->false
Nome: TesteUpdate
RegistroCbj: null
DataNasc: Tue Nov 22 11:42:38 BRT 2022
E-mail: null
CPF: 036.464.453-27
]]></system-out>
  </testcase>
  <testcase name="testListarEAdicionarAlunos" classname="org.fpij.jitakyoei.model.dao.DaoImplTest" time="0.013">
    <system-out><![CDATA[DAOImpl.save() ->false
Nome: Aécio
RegistroCbj: null
DataNasc: Tue Nov 22 11:42:39 BRT 2022
E-mail: null
CPF: 036.464.453-27
DAOImpl.save() ->false
Nome: Aécio
RegistroCbj: null
DataNasc: Tue Nov 22 11:42:39 BRT 2022
E-mail: null
CPF: 036.464.453-27
DAOImpl.save() ->false
Nome: Aécio
RegistroCbj: null
DataNasc: Tue Nov 22 11:42:39 BRT 2022
E-mail: null
CPF: 036.464.453-27
DAOImpl.save() ->false
Nome: Aécio
RegistroCbj: null
DataNasc: Tue Nov 22 11:42:39 BRT 2022
E-mail: null
CPF: 036.464.453-27
DAOImpl.save() ->false
Nome: Aécio
RegistroCbj: null
DataNasc: Tue Nov 22 11:42:39 BRT 2022
E-mail: null
CPF: 036.464.453-27
]]></system-out>
  </testcase>
  <testcase name="testSalvarAlunoComErroValidacao" classname="org.fpij.jitakyoei.model.dao.DaoImplTest" time="0.002">
    <system-out><![CDATA[DAOImpl.save() ->false
Nome: TesteUpdate
RegistroCbj: null
DataNasc: Tue Nov 22 11:42:38 BRT 2022
E-mail: null
CPF: 036.464.453-27
]]></system-out>
  </testcase>
  <testcase name="testgetAlunosWithUseEquals" classname="org.fpij.jitakyoei.model.dao.DaoImplTest" time="0.001">
    <system-out><![CDATA[DAOImpl.save() ->false
Nome: TesteUpdate
RegistroCbj: null
DataNasc: Tue Nov 22 11:42:38 BRT 2022
E-mail: null
CPF: 036.464.453-27
]]></system-out>
  </testcase>
  <testcase name="checkConstructorWithUseEquals" classname="org.fpij.jitakyoei.model.dao.DaoImplTest" time="0.001"/>
  <testcase name="checkConstructorWithUseEqualsAndValidatorCustom" classname="org.fpij.jitakyoei.model.dao.DaoImplTest" time="0"/>
</testsuite>